<?xml version="1.0" encoding="UTF-8"?>
<?xml-stylesheet type="text/xsl" href="ivy-report.xsl"?>
<ivy-report version="1.0">
	<info
		organisation="test"
		module="test_2.11"
		revision="1.0"
		conf="compile"
		confs="compile, runtime, test, provided, optional, compile-internal, runtime-internal, test-internal, plugin, sources, docs, pom, scala-tool"
		date="20161004150957"/>
	<dependencies>
		<module organisation="com.twitter" name="util-logging_2.11">
			<revision name="6.37.0" status="release" pubdate="20160907141611" resolver="sbt-chain" artresolver="sbt-chain" homepage="https://github.com/twitter/util" extra-info.apiURL="https://twitter.github.io/util/docs/" downloaded="false" searched="false" default="false" conf="default, compile, runtime, default(compile), master" position="1">
				<license name="Apache License, Version 2.0" url="http://www.apache.org/licenses/LICENSE-2.0"/>
				<metadata-artifact status="no" details="" size="3934" time="0" location="/Users/vivek.malik/.ivy2/cache/com.twitter/util-logging_2.11/ivy-6.37.0.xml" searched="false" origin-is-local="false" origin-location="https://jcenter.bintray.com/com/twitter/util-logging_2.11/6.37.0/util-logging_2.11-6.37.0.pom"/>
				<caller organisation="test" name="test_2.11" conf="compile" rev="6.37.0" rev-constraint-default="6.37.0" rev-constraint-dynamic="6.37.0" callerrev="1.0"/>
				<artifacts>
					<artifact name="util-logging_2.11" type="jar" ext="jar" status="no" details="" size="249858" time="0" location="/Users/vivek.malik/.ivy2/cache/com.twitter/util-logging_2.11/jars/util-logging_2.11-6.37.0.jar">
						<origin-location is-local="false" location="https://jcenter.bintray.com/com/twitter/util-logging_2.11/6.37.0/util-logging_2.11-6.37.0.jar"/>
					</artifact>
				</artifacts>
			</revision>
		</module>
		<module organisation="com.twitter" name="util-stats_2.11">
			<revision name="6.37.0" status="release" pubdate="20160907141535" resolver="sbt-chain" artresolver="sbt-chain" homepage="https://github.com/twitter/util" extra-info.apiURL="https://twitter.github.io/util/docs/" downloaded="false" searched="false" default="false" conf="compile, runtime(*), master(compile), runtime, compile(*), master" position="9">
				<license name="Apache License, Version 2.0" url="http://www.apache.org/licenses/LICENSE-2.0"/>
				<metadata-artifact status="no" details="" size="3909" time="0" location="/Users/vivek.malik/.ivy2/cache/com.twitter/util-stats_2.11/ivy-6.37.0.xml" searched="false" origin-is-local="false" origin-location="https://jcenter.bintray.com/com/twitter/util-stats_2.11/6.37.0/util-stats_2.11-6.37.0.pom"/>
				<caller organisation="com.twitter" name="util-logging_2.11" conf="default, compile, runtime, master" rev="6.37.0" rev-constraint-default="6.37.0" rev-constraint-dynamic="6.37.0" callerrev="6.37.0"/>
				<artifacts>
					<artifact name="util-stats_2.11" type="jar" ext="jar" status="no" details="" size="157507" time="0" location="/Users/vivek.malik/.ivy2/cache/com.twitter/util-stats_2.11/jars/util-stats_2.11-6.37.0.jar">
						<origin-location is-local="false" location="https://jcenter.bintray.com/com/twitter/util-stats_2.11/6.37.0/util-stats_2.11-6.37.0.jar"/>
					</artifact>
				</artifacts>
			</revision>
		</module>
		<module organisation="com.twitter" name="util-lint_2.11">
			<revision name="6.37.0" status="release" pubdate="20160907141448" resolver="sbt-chain" artresolver="sbt-chain" homepage="https://github.com/twitter/util" extra-info.apiURL="https://twitter.github.io/util/docs/" downloaded="false" searched="false" default="false" conf="compile, runtime(*), master(compile), runtime, compile(*), master" position="10">
				<license name="Apache License, Version 2.0" url="http://www.apache.org/licenses/LICENSE-2.0"/>
				<metadata-artifact status="no" details="" size="3490" time="0" location="/Users/vivek.malik/.ivy2/cache/com.twitter/util-lint_2.11/ivy-6.37.0.xml" searched="false" origin-is-local="false" origin-location="https://jcenter.bintray.com/com/twitter/util-lint_2.11/6.37.0/util-lint_2.11-6.37.0.pom"/>
				<caller organisation="com.twitter" name="util-stats_2.11" conf="compile, runtime" rev="6.37.0" rev-constraint-default="6.37.0" rev-constraint-dynamic="6.37.0" callerrev="6.37.0"/>
				<artifacts>
					<artifact name="util-lint_2.11" type="jar" ext="jar" status="no" details="" size="15678" time="0" location="/Users/vivek.malik/.ivy2/cache/com.twitter/util-lint_2.11/jars/util-lint_2.11-6.37.0.jar">
						<origin-location is-local="false" location="https://jcenter.bintray.com/com/twitter/util-lint_2.11/6.37.0/util-lint_2.11-6.37.0.jar"/>
					</artifact>
				</artifacts>
			</revision>
		</module>
		<module organisation="com.twitter" name="util-app_2.11">
			<revision name="6.37.0" status="release" pubdate="20160907141531" resolver="sbt-chain" artresolver="sbt-chain" homepage="https://github.com/twitter/util" extra-info.apiURL="https://twitter.github.io/util/docs/" downloaded="false" searched="false" default="false" conf="compile, runtime(*), master(compile), runtime, compile(*), master" position="6">
				<license name="Apache License, Version 2.0" url="http://www.apache.org/licenses/LICENSE-2.0"/>
				<metadata-artifact status="no" details="" size="3922" time="0" location="/Users/vivek.malik/.ivy2/cache/com.twitter/util-app_2.11/ivy-6.37.0.xml" searched="false" origin-is-local="false" origin-location="https://jcenter.bintray.com/com/twitter/util-app_2.11/6.37.0/util-app_2.11-6.37.0.pom"/>
				<caller organisation="com.twitter" name="util-logging_2.11" conf="default, compile, runtime, master" rev="6.37.0" rev-constraint-default="6.37.0" rev-constraint-dynamic="6.37.0" callerrev="6.37.0"/>
				<artifacts>
					<artifact name="util-app_2.11" type="jar" ext="jar" status="no" details="" size="167419" time="0" location="/Users/vivek.malik/.ivy2/cache/com.twitter/util-app_2.11/jars/util-app_2.11-6.37.0.jar">
						<origin-location is-local="false" location="https://jcenter.bintray.com/com/twitter/util-app_2.11/6.37.0/util-app_2.11-6.37.0.jar"/>
					</artifact>
				</artifacts>
			</revision>
		</module>
		<module organisation="com.google.guava" name="guava">
			<revision name="16.0.1" status="release" pubdate="20140203174528" resolver="sbt-chain" artresolver="sbt-chain" homepage="" downloaded="false" searched="false" default="false" conf="compile, runtime(*), master(compile), runtime, compile(*), master" position="8">
				<metadata-artifact status="no" details="" size="5933" time="0" location="/Users/vivek.malik/.ivy2/cache/com.google.guava/guava/ivy-16.0.1.xml" searched="false" origin-is-local="false" origin-location="https://repo1.maven.org/maven2/com/google/guava/guava/16.0.1/guava-16.0.1.pom"/>
				<caller organisation="com.twitter" name="util-app_2.11" conf="compile, runtime" rev="16.0.1" rev-constraint-default="16.0.1" rev-constraint-dynamic="16.0.1" callerrev="6.37.0"/>
				<artifacts>
					<artifact name="guava" type="bundle" ext="jar" status="no" details="" size="2228009" time="0" location="/Users/vivek.malik/.ivy2/cache/com.google.guava/guava/bundles/guava-16.0.1.jar">
						<origin-location is-local="false" location="https://repo1.maven.org/maven2/com/google/guava/guava/16.0.1/guava-16.0.1.jar"/>
					</artifact>
				</artifacts>
			</revision>
		</module>
		<module organisation="com.twitter" name="util-registry_2.11">
			<revision name="6.37.0" status="release" pubdate="20160907141554" resolver="sbt-chain" artresolver="sbt-chain" homepage="https://github.com/twitter/util" extra-info.apiURL="https://twitter.github.io/util/docs/" downloaded="false" searched="false" default="false" conf="compile, runtime(*), master(compile), runtime, compile(*), master" position="7">
				<license name="Apache License, Version 2.0" url="http://www.apache.org/licenses/LICENSE-2.0"/>
				<metadata-artifact status="no" details="" size="3647" time="0" location="/Users/vivek.malik/.ivy2/cache/com.twitter/util-registry_2.11/ivy-6.37.0.xml" searched="false" origin-is-local="false" origin-location="https://jcenter.bintray.com/com/twitter/util-registry_2.11/6.37.0/util-registry_2.11-6.37.0.pom"/>
				<caller organisation="com.twitter" name="util-app_2.11" conf="compile, runtime" rev="6.37.0" rev-constraint-default="6.37.0" rev-constraint-dynamic="6.37.0" callerrev="6.37.0"/>
				<artifacts>
					<artifact name="util-registry_2.11" type="jar" ext="jar" status="no" details="" size="35484" time="0" location="/Users/vivek.malik/.ivy2/cache/com.twitter/util-registry_2.11/jars/util-registry_2.11-6.37.0.jar">
						<origin-location is-local="false" location="https://jcenter.bintray.com/com/twitter/util-registry_2.11/6.37.0/util-registry_2.11-6.37.0.jar"/>
					</artifact>
				</artifacts>
			</revision>
		</module>
		<module organisation="com.twitter" name="util-core_2.11">
			<revision name="6.37.0" status="release" pubdate="20160907141606" resolver="sbt-chain" artresolver="sbt-chain" homepage="https://github.com/twitter/util" extra-info.apiURL="https://twitter.github.io/util/docs/" downloaded="false" searched="false" default="false" conf="compile, runtime(*), master(compile), runtime, compile(*), master" position="2">
				<license name="Apache License, Version 2.0" url="http://www.apache.org/licenses/LICENSE-2.0"/>
				<metadata-artifact status="no" details="" size="4207" time="0" location="/Users/vivek.malik/.ivy2/cache/com.twitter/util-core_2.11/ivy-6.37.0.xml" searched="false" origin-is-local="false" origin-location="https://jcenter.bintray.com/com/twitter/util-core_2.11/6.37.0/util-core_2.11-6.37.0.pom"/>
				<caller organisation="com.twitter" name="util-app_2.11" conf="compile, runtime" rev="6.37.0" rev-constraint-default="6.37.0" rev-constraint-dynamic="6.37.0" callerrev="6.37.0"/>
				<caller organisation="com.twitter" name="util-stats_2.11" conf="compile, runtime" rev="6.37.0" rev-constraint-default="6.37.0" rev-constraint-dynamic="6.37.0" callerrev="6.37.0"/>
				<caller organisation="com.twitter" name="util-logging_2.11" conf="default, compile, runtime, master" rev="6.37.0" rev-constraint-default="6.37.0" rev-constraint-dynamic="6.37.0" callerrev="6.37.0"/>
				<caller organisation="com.twitter" name="util-registry_2.11" conf="compile, runtime" rev="6.37.0" rev-constraint-default="6.37.0" rev-constraint-dynamic="6.37.0" callerrev="6.37.0"/>
				<artifacts>
					<artifact name="util-core_2.11" type="jar" ext="jar" status="no" details="" size="1508826" time="0" location="/Users/vivek.malik/.ivy2/cache/com.twitter/util-core_2.11/jars/util-core_2.11-6.37.0.jar">
						<origin-location is-local="false" location="https://jcenter.bintray.com/com/twitter/util-core_2.11/6.37.0/util-core_2.11-6.37.0.jar"/>
					</artifact>
				</artifacts>
			</revision>
		</module>
		<module organisation="org.scala-lang.modules" name="scala-parser-combinators_2.11">
			<revision name="1.0.4" status="release" pubdate="20150430100747" resolver="sbt-chain" artresolver="sbt-chain" homepage="http://www.scala-lang.org/" downloaded="false" searched="false" default="false" conf="compile, runtime(*), master(compile), runtime, compile(*), master" position="5">
				<license name="BSD 3-clause" url="http://opensource.org/licenses/BSD-3-Clause"/>
				<metadata-artifact status="no" details="" size="2803" time="0" location="/Users/vivek.malik/.ivy2/cache/org.scala-lang.modules/scala-parser-combinators_2.11/ivy-1.0.4.xml" searched="false" origin-is-local="false" origin-location="https://repo1.maven.org/maven2/org/scala-lang/modules/scala-parser-combinators_2.11/1.0.4/scala-parser-combinators_2.11-1.0.4.pom"/>
				<caller organisation="com.twitter" name="util-core_2.11" conf="compile, runtime" rev="1.0.4" rev-constraint-default="1.0.4" rev-constraint-dynamic="1.0.4" callerrev="6.37.0"/>
				<artifacts>
					<artifact name="scala-parser-combinators_2.11" type="bundle" ext="jar" status="no" details="" size="423753" time="0" location="/Users/vivek.malik/.ivy2/cache/org.scala-lang.modules/scala-parser-combinators_2.11/bundles/scala-parser-combinators_2.11-1.0.4.jar">
						<origin-location is-local="false" location="https://repo1.maven.org/maven2/org/scala-lang/modules/scala-parser-combinators_2.11/1.0.4/scala-parser-combinators_2.11-1.0.4.jar"/>
					</artifact>
				</artifacts>
			</revision>
		</module>
		<module organisation="org.scala-lang" name="scala-reflect">
			<revision name="2.11.8" status="release" pubdate="20160308231602" resolver="sbt-chain" artresolver="sbt-chain" homepage="http://www.scala-lang.org/" extra-info.apiURL="http://www.scala-lang.org/api/2.11.8/" downloaded="false" searched="false" default="false" conf="compile, runtime(*), master(compile), runtime, compile(*), master" position="4">
				<license name="BSD 3-Clause" url="http://www.scala-lang.org/license.html"/>
				<metadata-artifact status="no" details="" size="2825" time="0" location="/Users/vivek.malik/.ivy2/cache/org.scala-lang/scala-reflect/ivy-2.11.8.xml" searched="false" origin-is-local="false" origin-location="https://jcenter.bintray.com/org/scala-lang/scala-reflect/2.11.8/scala-reflect-2.11.8.pom"/>
				<caller organisation="com.twitter" name="util-core_2.11" conf="compile, runtime" rev="2.11.8" rev-constraint-default="2.11.8" rev-constraint-dynamic="2.11.8" callerrev="6.37.0"/>
				<artifacts>
					<artifact name="scala-reflect" type="jar" ext="jar" status="no" details="" size="4573750" time="0" location="/Users/vivek.malik/.ivy2/cache/org.scala-lang/scala-reflect/jars/scala-reflect-2.11.8.jar">
						<origin-location is-local="false" location="https://jcenter.bintray.com/org/scala-lang/scala-reflect/2.11.8/scala-reflect-2.11.8.jar"/>
					</artifact>
				</artifacts>
			</revision>
		</module>
		<module organisation="com.twitter" name="util-function_2.11">
			<revision name="6.37.0" status="release" pubdate="20160907141450" resolver="sbt-chain" artresolver="sbt-chain" homepage="https://github.com/twitter/util" extra-info.apiURL="https://twitter.github.io/util/docs/" downloaded="false" searched="false" default="false" conf="compile, runtime(*), master(compile), runtime, compile(*), master" position="3">
				<license name="Apache License, Version 2.0" url="http://www.apache.org/licenses/LICENSE-2.0"/>
				<metadata-artifact status="no" details="" size="3502" time="0" location="/Users/vivek.malik/.ivy2/cache/com.twitter/util-function_2.11/ivy-6.37.0.xml" searched="false" origin-is-local="false" origin-location="https://jcenter.bintray.com/com/twitter/util-function_2.11/6.37.0/util-function_2.11-6.37.0.pom"/>
				<caller organisation="com.twitter" name="util-core_2.11" conf="compile, runtime" rev="6.37.0" rev-constraint-default="6.37.0" rev-constraint-dynamic="6.37.0" callerrev="6.37.0"/>
				<artifacts>
					<artifact name="util-function_2.11" type="jar" ext="jar" status="no" details="" size="2068" time="0" location="/Users/vivek.malik/.ivy2/cache/com.twitter/util-function_2.11/jars/util-function_2.11-6.37.0.jar">
						<origin-location is-local="false" location="https://jcenter.bintray.com/com/twitter/util-function_2.11/6.37.0/util-function_2.11-6.37.0.jar"/>
					</artifact>
				</artifacts>
			</revision>
		</module>
		<module organisation="org.scala-lang" name="scala-library">
			<revision name="2.11.8" status="release" pubdate="20160308231604" resolver="sbt-chain" artresolver="sbt-chain" homepage="http://www.scala-lang.org/" extra-info.apiURL="http://www.scala-lang.org/api/2.11.8/" downloaded="false" searched="false" default="false" conf="default, compile, runtime(*), master(compile), runtime, default(compile), compile(*), master" position="0">
				<license name="BSD 3-Clause" url="http://www.scala-lang.org/license.html"/>
				<metadata-artifact status="no" details="" size="2653" time="0" location="/Users/vivek.malik/.ivy2/cache/org.scala-lang/scala-library/ivy-2.11.8.xml" searched="false" origin-is-local="false" origin-location="https://jcenter.bintray.com/org/scala-lang/scala-library/2.11.8/scala-library-2.11.8.pom"/>
				<caller organisation="com.twitter" name="util-app_2.11" conf="compile, runtime" rev="2.11.8" rev-constraint-default="2.11.8" rev-constraint-dynamic="2.11.8" callerrev="6.37.0"/>
				<caller organisation="com.twitter" name="util-stats_2.11" conf="compile, runtime" rev="2.11.8" rev-constraint-default="2.11.8" rev-constraint-dynamic="2.11.8" callerrev="6.37.0"/>
				<caller organisation="com.twitter" name="util-function_2.11" conf="compile, runtime" rev="2.11.8" rev-constraint-default="2.11.8" rev-constraint-dynamic="2.11.8" callerrev="6.37.0"/>
				<caller organisation="org.scala-lang.modules" name="scala-parser-combinators_2.11" conf="compile, runtime" rev="2.11.6" rev-constraint-default="2.11.6" rev-constraint-dynamic="2.11.6" callerrev="1.0.4"/>
				<caller organisation="com.twitter" name="util-core_2.11" conf="compile, runtime" rev="2.11.8" rev-constraint-default="2.11.8" rev-constraint-dynamic="2.11.8" callerrev="6.37.0"/>
				<caller organisation="test" name="test_2.11" conf="compile" rev="2.11.8" rev-constraint-default="2.11.8" rev-constraint-dynamic="2.11.8" callerrev="1.0"/>
				<caller organisation="com.twitter" name="util-logging_2.11" conf="default, compile, runtime, master" rev="2.11.8" rev-constraint-default="2.11.8" rev-constraint-dynamic="2.11.8" callerrev="6.37.0"/>
				<caller organisation="com.twitter" name="util-lint_2.11" conf="compile, runtime" rev="2.11.8" rev-constraint-default="2.11.8" rev-constraint-dynamic="2.11.8" callerrev="6.37.0"/>
				<caller organisation="org.scala-lang" name="scala-reflect" conf="compile, runtime" rev="2.11.8" rev-constraint-default="2.11.8" rev-constraint-dynamic="2.11.8" callerrev="2.11.8"/>
				<caller organisation="com.twitter" name="util-registry_2.11" conf="compile, runtime" rev="2.11.8" rev-constraint-default="2.11.8" rev-constraint-dynamic="2.11.8" callerrev="6.37.0"/>
				<artifacts>
					<artifact name="scala-library" type="jar" ext="jar" status="no" details="" size="5744974" time="0" location="/Users/vivek.malik/.ivy2/cache/org.scala-lang/scala-library/jars/scala-library-2.11.8.jar">
						<origin-location is-local="false" location="https://jcenter.bintray.com/org/scala-lang/scala-library/2.11.8/scala-library-2.11.8.jar"/>
					</artifact>
				</artifacts>
			</revision>
			<revision name="2.11.6" evicted="latest-revision" evicted-reason="" downloaded="false" searched="false" conf="compile, runtime(*), master(compile), runtime, compile(*), master" position="-1">
				<evicted-by rev="2.11.8"/>
				<caller organisation="org.scala-lang.modules" name="scala-parser-combinators_2.11" conf="compile, runtime" rev="2.11.6" rev-constraint-default="2.11.6" rev-constraint-dynamic="2.11.6" callerrev="1.0.4"/>
				<artifacts>
				</artifacts>
			</revision>
		</module>
	</dependencies>
</ivy-report>
